The target system is: Generic - 1 - 
The host system is: Linux - 4.18.0-15-generic - x86_64
Compiling the CXX compiler identification source file "CMakeCXXCompilerId.cpp" succeeded.
Compiler: /home/Soft/gcc-arm-none-eabi/bin/arm-none-eabi-g++ 
Build flags: 
Id flags: -c 

The output was:
0


Compilation of the CXX compiler identification source "CMakeCXXCompilerId.cpp" produced "CMakeCXXCompilerId.o"

The CXX compiler identification is GNU, found in "/home/Work/ArmCpp/cmake-build-debug/CMakeFiles/3.13.4/CompilerIdCXX/CMakeCXXCompilerId.o"

Compiling the C compiler identification source file "CMakeCCompilerId.c" succeeded.
Compiler: /home/Soft/gcc-arm-none-eabi/bin/arm-none-eabi-gcc 
Build flags: 
Id flags: -c 

The output was:
0


Compilation of the C compiler identification source "CMakeCCompilerId.c" produced "CMakeCCompilerId.o"

The C compiler identification is GNU, found in "/home/Work/ArmCpp/cmake-build-debug/CMakeFiles/3.13.4/CompilerIdC/CMakeCCompilerId.o"

Checking whether the ASM compiler is GNU using "--version" matched "(GNU assembler)|(GCC)|(Free Software Foundation)":
arm-none-eabi-gcc (GNU Tools for Arm Embedded Processors 8-2018-q4-major) 8.2.1 20181213 (release) [gcc-8-branch revision 267074]
Copyright (C) 2018 Free Software Foundation, Inc.
This is free software; see the source for copying conditions.  There is NO
warranty; not even for MERCHANTABILITY or FITNESS FOR A PARTICULAR PURPOSE.

Detecting CXX compiler ABI info compiled with the following output:
Change Dir: /home/Work/ArmCpp/cmake-build-debug/CMakeFiles/CMakeTmp

Run Build Command:"/usr/bin/make" "cmTC_1bb86/fast"
/usr/bin/make -f CMakeFiles/cmTC_1bb86.dir/build.make CMakeFiles/cmTC_1bb86.dir/build
make[1]: Entering directory '/home/Work/ArmCpp/cmake-build-debug/CMakeFiles/CMakeTmp'
Building CXX object CMakeFiles/cmTC_1bb86.dir/CMakeCXXCompilerABI.cpp.obj
/home/Soft/gcc-arm-none-eabi/bin/arm-none-eabi-g++    -mcpu=cortex-m4 -mthumb -mthumb-interwork -mfloat-abi=soft -ffunction-sections -fdata-sections -g -fno-common -fmessage-length=0 -specs=nosys.specs -specs=nano.specs -fno-unwind-tables -fno-exceptions -std=c++11 -Wwrite-strings    -o CMakeFiles/cmTC_1bb86.dir/CMakeCXXCompilerABI.cpp.obj -c /home/Soft/clion-2019.1/bin/cmake/linux/share/cmake-3.13/Modules/CMakeCXXCompilerABI.cpp
Linking CXX executable cmTC_1bb86
/home/Soft/clion-2019.1/bin/cmake/linux/bin/cmake -E cmake_link_script CMakeFiles/cmTC_1bb86.dir/link.txt --verbose=1
/home/Soft/gcc-arm-none-eabi/bin/arm-none-eabi-g++  -mcpu=cortex-m4 -mthumb -mthumb-interwork -mfloat-abi=soft -ffunction-sections -fdata-sections -g -fno-common -fmessage-length=0 -specs=nosys.specs -specs=nano.specs -fno-unwind-tables -fno-exceptions -std=c++11 -Wwrite-strings   -mcpu=cortex-m4 -mthumb -mthumb-interwork -Wl,-gc-sections,--print-memory-usage -T /home/Work/ArmCpp/Core/LinkScript.ld -v CMakeFiles/cmTC_1bb86.dir/CMakeCXXCompilerABI.cpp.obj  -o cmTC_1bb86 
Using built-in specs.
Reading specs from /home/Soft/gcc-arm-none-eabi/bin/../lib/gcc/arm-none-eabi/8.2.1/../../../../arm-none-eabi/lib/nosys.specs
rename spec link_gcc_c_sequence to nosys_link_gcc_c_sequence
Reading specs from /home/Soft/gcc-arm-none-eabi/bin/../lib/gcc/arm-none-eabi/8.2.1/../../../../arm-none-eabi/lib/nano.specs
rename spec link to nano_link
rename spec link_gcc_c_sequence to nano_link_gcc_c_sequence
rename spec cpp_unique_options to nano_cpp_unique_options
COLLECT_GCC=/home/Soft/gcc-arm-none-eabi/bin/arm-none-eabi-g++
COLLECT_LTO_WRAPPER=/home/Soft/gcc-arm-none-eabi/bin/../lib/gcc/arm-none-eabi/8.2.1/lto-wrapper
Target: arm-none-eabi
Configured with: /tmp/jenkins/jenkins-GCC-8-build_toolchain_docker-519_20181216_1544945247/src/gcc/configure --target=arm-none-eabi --prefix=/tmp/jenkins/jenkins-GCC-8-build_toolchain_docker-519_20181216_1544945247/install-native --libexecdir=/tmp/jenkins/jenkins-GCC-8-build_toolchain_docker-519_20181216_1544945247/install-native/lib --infodir=/tmp/jenkins/jenkins-GCC-8-build_toolchain_docker-519_20181216_1544945247/install-native/share/doc/gcc-arm-none-eabi/info --mandir=/tmp/jenkins/jenkins-GCC-8-build_toolchain_docker-519_20181216_1544945247/install-native/share/doc/gcc-arm-none-eabi/man --htmldir=/tmp/jenkins/jenkins-GCC-8-build_toolchain_docker-519_20181216_1544945247/install-native/share/doc/gcc-arm-none-eabi/html --pdfdir=/tmp/jenkins/jenkins-GCC-8-build_toolchain_docker-519_20181216_1544945247/install-native/share/doc/gcc-arm-none-eabi/pdf --enable-languages=c,c++ --enable-plugins --disable-decimal-float --disable-libffi --disable-libgomp --disable-libmudflap --disable-libquadmath --disable-libssp --disable-libstdcxx-pch --disable-nls --disable-shared --disable-threads --disable-tls --with-gnu-as --with-gnu-ld --with-newlib --with-headers=yes --with-python-dir=share/gcc-arm-none-eabi --with-sysroot=/tmp/jenkins/jenkins-GCC-8-build_toolchain_docker-519_20181216_1544945247/install-native/arm-none-eabi --build=x86_64-linux-gnu --host=x86_64-linux-gnu --with-gmp=/tmp/jenkins/jenkins-GCC-8-build_toolchain_docker-519_20181216_1544945247/build-native/host-libs/usr --with-mpfr=/tmp/jenkins/jenkins-GCC-8-build_toolchain_docker-519_20181216_1544945247/build-native/host-libs/usr --with-mpc=/tmp/jenkins/jenkins-GCC-8-build_toolchain_docker-519_20181216_1544945247/build-native/host-libs/usr --with-isl=/tmp/jenkins/jenkins-GCC-8-build_toolchain_docker-519_20181216_1544945247/build-native/host-libs/usr --with-libelf=/tmp/jenkins/jenkins-GCC-8-build_toolchain_docker-519_20181216_1544945247/build-native/host-libs/usr --with-host-libstdcxx='-static-libgcc -Wl,-Bstatic,-lstdc++,-Bdynamic -lm' --with-pkgversion='GNU Tools for Arm Embedded Processors 8-2018-q4-major' --with-multilib-list=rmprofile
Thread model: single
gcc version 8.2.1 20181213 (release) [gcc-8-branch revision 267074] (GNU Tools for Arm Embedded Processors 8-2018-q4-major) 
COMPILER_PATH=/home/Soft/gcc-arm-none-eabi/bin/../lib/gcc/arm-none-eabi/8.2.1/:/home/Soft/gcc-arm-none-eabi/bin/../lib/gcc/:/home/Soft/gcc-arm-none-eabi/bin/../lib/gcc/arm-none-eabi/8.2.1/../../../../arm-none-eabi/bin/
LIBRARY_PATH=/home/Soft/gcc-arm-none-eabi/bin/../lib/gcc/arm-none-eabi/8.2.1/thumb/v7e-m/nofp/:/home/Soft/gcc-arm-none-eabi/bin/../lib/gcc/arm-none-eabi/8.2.1/../../../../arm-none-eabi/lib/thumb/v7e-m/nofp/:/home/Soft/gcc-arm-none-eabi/bin/../arm-none-eabi/lib/thumb/v7e-m/nofp/:/home/Soft/gcc-arm-none-eabi/bin/../lib/gcc/arm-none-eabi/8.2.1/:/home/Soft/gcc-arm-none-eabi/bin/../lib/gcc/:/home/Soft/gcc-arm-none-eabi/bin/../lib/gcc/arm-none-eabi/8.2.1/../../../../arm-none-eabi/lib/:/home/Soft/gcc-arm-none-eabi/bin/../arm-none-eabi/lib/
COLLECT_GCC_OPTIONS='-mcpu=cortex-m4' '-mfloat-abi=soft' '-ffunction-sections' '-fdata-sections' '-g' '-fno-common' '-fmessage-length=0' '-specs=nosys.specs' '-specs=nano.specs' '-fno-unwind-tables' '-fno-exceptions' '-std=c++11' '-Wwrite-strings' '-mcpu=cortex-m4' '-mthumb' '-mthumb-interwork' '-T' '/home/Work/ArmCpp/Core/LinkScript.ld' '-v' '-o' 'cmTC_1bb86' '-march=armv7e-m'
 /home/Soft/gcc-arm-none-eabi/bin/../lib/gcc/arm-none-eabi/8.2.1/collect2 -plugin /home/Soft/gcc-arm-none-eabi/bin/../lib/gcc/arm-none-eabi/8.2.1/liblto_plugin.so -plugin-opt=/home/Soft/gcc-arm-none-eabi/bin/../lib/gcc/arm-none-eabi/8.2.1/lto-wrapper -plugin-opt=-fresolution=/tmp/ccOGeyai.res -plugin-opt=-pass-through=-lgcc -plugin-opt=-pass-through=-lg_nano -plugin-opt=-pass-through=-lc_nano -plugin-opt=-pass-through=-lgcc -plugin-opt=-pass-through=-lc_nano -plugin-opt=-pass-through=-lnosys -plugin-opt=-pass-through=-lgcc -plugin-opt=-pass-through=-lc_nano -plugin-opt=-pass-through=-lnosys --sysroot=/home/Soft/gcc-arm-none-eabi/bin/../arm-none-eabi -X -o cmTC_1bb86 /home/Soft/gcc-arm-none-eabi/bin/../lib/gcc/arm-none-eabi/8.2.1/thumb/v7e-m/nofp/crti.o /home/Soft/gcc-arm-none-eabi/bin/../lib/gcc/arm-none-eabi/8.2.1/thumb/v7e-m/nofp/crtbegin.o /home/Soft/gcc-arm-none-eabi/bin/../lib/gcc/arm-none-eabi/8.2.1/../../../../arm-none-eabi/lib/thumb/v7e-m/nofp/crt0.o -L/home/Soft/gcc-arm-none-eabi/bin/../lib/gcc/arm-none-eabi/8.2.1/thumb/v7e-m/nofp -L/home/Soft/gcc-arm-none-eabi/bin/../lib/gcc/arm-none-eabi/8.2.1/../../../../arm-none-eabi/lib/thumb/v7e-m/nofp -L/home/Soft/gcc-arm-none-eabi/bin/../arm-none-eabi/lib/thumb/v7e-m/nofp -L/home/Soft/gcc-arm-none-eabi/bin/../lib/gcc/arm-none-eabi/8.2.1 -L/home/Soft/gcc-arm-none-eabi/bin/../lib/gcc -L/home/Soft/gcc-arm-none-eabi/bin/../lib/gcc/arm-none-eabi/8.2.1/../../../../arm-none-eabi/lib -L/home/Soft/gcc-arm-none-eabi/bin/../arm-none-eabi/lib -gc-sections --print-memory-usage CMakeFiles/cmTC_1bb86.dir/CMakeCXXCompilerABI.cpp.obj -lstdc++_nano -lm --start-group -lgcc -lg_nano -lc_nano --end-group --start-group -lgcc -lc_nano -lnosys --end-group --start-group -lgcc -lc_nano -lnosys --end-group /home/Soft/gcc-arm-none-eabi/bin/../lib/gcc/arm-none-eabi/8.2.1/thumb/v7e-m/nofp/crtend.o /home/Soft/gcc-arm-none-eabi/bin/../lib/gcc/arm-none-eabi/8.2.1/thumb/v7e-m/nofp/crtn.o -T /home/Work/ArmCpp/Core/LinkScript.ld
Memory region         Used Size  Region Size  %age Used
             RAM:        3104 B       128 KB      2.37%
          CCMRAM:          0 GB        64 KB      0.00%
           FLASH:          96 B         1 MB      0.01/home/Soft/gcc-arm-none-eabi/bin/../lib/gcc/arm-none-eabi/8.2.1/../../../../arm-none-eabi/bin/ld: warning: cannot find entry symbol Reset_Handler; defaulting to 0000000008000000
%
COLLECT_GCC_OPTIONS='-mcpu=cortex-m4' '-mfloat-abi=soft' '-ffunction-sections' '-fdata-sections' '-g' '-fno-common' '-fmessage-length=0' '-specs=nosys.specs' '-specs=nano.specs' '-fno-unwind-tables' '-fno-exceptions' '-std=c++11' '-Wwrite-strings' '-mcpu=cortex-m4' '-mthumb' '-mthumb-interwork' '-T' '/home/Work/ArmCpp/Core/LinkScript.ld' '-v' '-o' 'cmTC_1bb86' '-march=armv7e-m'
make[1]: Leaving directory '/home/Work/ArmCpp/cmake-build-debug/CMakeFiles/CMakeTmp'


Parsed CXX implicit link information from above output:
  link line regex: [^( *|.*[/\])(arm-none-eabi-ld|CMAKE_LINK_STARTFILE-NOTFOUND|([^/\]+-)?ld|collect2)[^/\]*( |$)]
  ignore line: [Change Dir: /home/Work/ArmCpp/cmake-build-debug/CMakeFiles/CMakeTmp]
  ignore line: []
  ignore line: [Run Build Command:"/usr/bin/make" "cmTC_1bb86/fast"]
  ignore line: [/usr/bin/make -f CMakeFiles/cmTC_1bb86.dir/build.make CMakeFiles/cmTC_1bb86.dir/build]
  ignore line: [make[1]: Entering directory '/home/Work/ArmCpp/cmake-build-debug/CMakeFiles/CMakeTmp']
  ignore line: [Building CXX object CMakeFiles/cmTC_1bb86.dir/CMakeCXXCompilerABI.cpp.obj]
  ignore line: [/home/Soft/gcc-arm-none-eabi/bin/arm-none-eabi-g++    -mcpu=cortex-m4 -mthumb -mthumb-interwork -mfloat-abi=soft -ffunction-sections -fdata-sections -g -fno-common -fmessage-length=0 -specs=nosys.specs -specs=nano.specs -fno-unwind-tables -fno-exceptions -std=c++11 -Wwrite-strings    -o CMakeFiles/cmTC_1bb86.dir/CMakeCXXCompilerABI.cpp.obj -c /home/Soft/clion-2019.1/bin/cmake/linux/share/cmake-3.13/Modules/CMakeCXXCompilerABI.cpp]
  ignore line: [Linking CXX executable cmTC_1bb86]
  ignore line: [/home/Soft/clion-2019.1/bin/cmake/linux/bin/cmake -E cmake_link_script CMakeFiles/cmTC_1bb86.dir/link.txt --verbose=1]
  ignore line: [/home/Soft/gcc-arm-none-eabi/bin/arm-none-eabi-g++  -mcpu=cortex-m4 -mthumb -mthumb-interwork -mfloat-abi=soft -ffunction-sections -fdata-sections -g -fno-common -fmessage-length=0 -specs=nosys.specs -specs=nano.specs -fno-unwind-tables -fno-exceptions -std=c++11 -Wwrite-strings   -mcpu=cortex-m4 -mthumb -mthumb-interwork -Wl,-gc-sections,--print-memory-usage -T /home/Work/ArmCpp/Core/LinkScript.ld -v CMakeFiles/cmTC_1bb86.dir/CMakeCXXCompilerABI.cpp.obj  -o cmTC_1bb86 ]
  ignore line: [Using built-in specs.]
  ignore line: [Reading specs from /home/Soft/gcc-arm-none-eabi/bin/../lib/gcc/arm-none-eabi/8.2.1/../../../../arm-none-eabi/lib/nosys.specs]
  ignore line: [rename spec link_gcc_c_sequence to nosys_link_gcc_c_sequence]
  ignore line: [Reading specs from /home/Soft/gcc-arm-none-eabi/bin/../lib/gcc/arm-none-eabi/8.2.1/../../../../arm-none-eabi/lib/nano.specs]
  ignore line: [rename spec link to nano_link]
  ignore line: [rename spec link_gcc_c_sequence to nano_link_gcc_c_sequence]
  ignore line: [rename spec cpp_unique_options to nano_cpp_unique_options]
  ignore line: [COLLECT_GCC=/home/Soft/gcc-arm-none-eabi/bin/arm-none-eabi-g++]
  ignore line: [COLLECT_LTO_WRAPPER=/home/Soft/gcc-arm-none-eabi/bin/../lib/gcc/arm-none-eabi/8.2.1/lto-wrapper]
  ignore line: [Target: arm-none-eabi]
  ignore line: [Configured with: /tmp/jenkins/jenkins-GCC-8-build_toolchain_docker-519_20181216_1544945247/src/gcc/configure --target=arm-none-eabi --prefix=/tmp/jenkins/jenkins-GCC-8-build_toolchain_docker-519_20181216_1544945247/install-native --libexecdir=/tmp/jenkins/jenkins-GCC-8-build_toolchain_docker-519_20181216_1544945247/install-native/lib --infodir=/tmp/jenkins/jenkins-GCC-8-build_toolchain_docker-519_20181216_1544945247/install-native/share/doc/gcc-arm-none-eabi/info --mandir=/tmp/jenkins/jenkins-GCC-8-build_toolchain_docker-519_20181216_1544945247/install-native/share/doc/gcc-arm-none-eabi/man --htmldir=/tmp/jenkins/jenkins-GCC-8-build_toolchain_docker-519_20181216_1544945247/install-native/share/doc/gcc-arm-none-eabi/html --pdfdir=/tmp/jenkins/jenkins-GCC-8-build_toolchain_docker-519_20181216_1544945247/install-native/share/doc/gcc-arm-none-eabi/pdf --enable-languages=c,c++ --enable-plugins --disable-decimal-float --disable-libffi --disable-libgomp --disable-libmudflap --disable-libquadmath --disable-libssp --disable-libstdcxx-pch --disable-nls --disable-shared --disable-threads --disable-tls --with-gnu-as --with-gnu-ld --with-newlib --with-headers=yes --with-python-dir=share/gcc-arm-none-eabi --with-sysroot=/tmp/jenkins/jenkins-GCC-8-build_toolchain_docker-519_20181216_1544945247/install-native/arm-none-eabi --build=x86_64-linux-gnu --host=x86_64-linux-gnu --with-gmp=/tmp/jenkins/jenkins-GCC-8-build_toolchain_docker-519_20181216_1544945247/build-native/host-libs/usr --with-mpfr=/tmp/jenkins/jenkins-GCC-8-build_toolchain_docker-519_20181216_1544945247/build-native/host-libs/usr --with-mpc=/tmp/jenkins/jenkins-GCC-8-build_toolchain_docker-519_20181216_1544945247/build-native/host-libs/usr --with-isl=/tmp/jenkins/jenkins-GCC-8-build_toolchain_docker-519_20181216_1544945247/build-native/host-libs/usr --with-libelf=/tmp/jenkins/jenkins-GCC-8-build_toolchain_docker-519_20181216_1544945247/build-native/host-libs/usr --with-host-libstdcxx='-static-libgcc -Wl,-Bstatic,-lstdc++,-Bdynamic -lm' --with-pkgversion='GNU Tools for Arm Embedded Processors 8-2018-q4-major' --with-multilib-list=rmprofile]
  ignore line: [Thread model: single]
  ignore line: [gcc version 8.2.1 20181213 (release) [gcc-8-branch revision 267074] (GNU Tools for Arm Embedded Processors 8-2018-q4-major) ]
  ignore line: [COMPILER_PATH=/home/Soft/gcc-arm-none-eabi/bin/../lib/gcc/arm-none-eabi/8.2.1/:/home/Soft/gcc-arm-none-eabi/bin/../lib/gcc/:/home/Soft/gcc-arm-none-eabi/bin/../lib/gcc/arm-none-eabi/8.2.1/../../../../arm-none-eabi/bin/]
  ignore line: [LIBRARY_PATH=/home/Soft/gcc-arm-none-eabi/bin/../lib/gcc/arm-none-eabi/8.2.1/thumb/v7e-m/nofp/:/home/Soft/gcc-arm-none-eabi/bin/../lib/gcc/arm-none-eabi/8.2.1/../../../../arm-none-eabi/lib/thumb/v7e-m/nofp/:/home/Soft/gcc-arm-none-eabi/bin/../arm-none-eabi/lib/thumb/v7e-m/nofp/:/home/Soft/gcc-arm-none-eabi/bin/../lib/gcc/arm-none-eabi/8.2.1/:/home/Soft/gcc-arm-none-eabi/bin/../lib/gcc/:/home/Soft/gcc-arm-none-eabi/bin/../lib/gcc/arm-none-eabi/8.2.1/../../../../arm-none-eabi/lib/:/home/Soft/gcc-arm-none-eabi/bin/../arm-none-eabi/lib/]
  ignore line: [COLLECT_GCC_OPTIONS='-mcpu=cortex-m4' '-mfloat-abi=soft' '-ffunction-sections' '-fdata-sections' '-g' '-fno-common' '-fmessage-length=0' '-specs=nosys.specs' '-specs=nano.specs' '-fno-unwind-tables' '-fno-exceptions' '-std=c++11' '-Wwrite-strings' '-mcpu=cortex-m4' '-mthumb' '-mthumb-interwork' '-T' '/home/Work/ArmCpp/Core/LinkScript.ld' '-v' '-o' 'cmTC_1bb86' '-march=armv7e-m']
  link line: [ /home/Soft/gcc-arm-none-eabi/bin/../lib/gcc/arm-none-eabi/8.2.1/collect2 -plugin /home/Soft/gcc-arm-none-eabi/bin/../lib/gcc/arm-none-eabi/8.2.1/liblto_plugin.so -plugin-opt=/home/Soft/gcc-arm-none-eabi/bin/../lib/gcc/arm-none-eabi/8.2.1/lto-wrapper -plugin-opt=-fresolution=/tmp/ccOGeyai.res -plugin-opt=-pass-through=-lgcc -plugin-opt=-pass-through=-lg_nano -plugin-opt=-pass-through=-lc_nano -plugin-opt=-pass-through=-lgcc -plugin-opt=-pass-through=-lc_nano -plugin-opt=-pass-through=-lnosys -plugin-opt=-pass-through=-lgcc -plugin-opt=-pass-through=-lc_nano -plugin-opt=-pass-through=-lnosys --sysroot=/home/Soft/gcc-arm-none-eabi/bin/../arm-none-eabi -X -o cmTC_1bb86 /home/Soft/gcc-arm-none-eabi/bin/../lib/gcc/arm-none-eabi/8.2.1/thumb/v7e-m/nofp/crti.o /home/Soft/gcc-arm-none-eabi/bin/../lib/gcc/arm-none-eabi/8.2.1/thumb/v7e-m/nofp/crtbegin.o /home/Soft/gcc-arm-none-eabi/bin/../lib/gcc/arm-none-eabi/8.2.1/../../../../arm-none-eabi/lib/thumb/v7e-m/nofp/crt0.o -L/home/Soft/gcc-arm-none-eabi/bin/../lib/gcc/arm-none-eabi/8.2.1/thumb/v7e-m/nofp -L/home/Soft/gcc-arm-none-eabi/bin/../lib/gcc/arm-none-eabi/8.2.1/../../../../arm-none-eabi/lib/thumb/v7e-m/nofp -L/home/Soft/gcc-arm-none-eabi/bin/../arm-none-eabi/lib/thumb/v7e-m/nofp -L/home/Soft/gcc-arm-none-eabi/bin/../lib/gcc/arm-none-eabi/8.2.1 -L/home/Soft/gcc-arm-none-eabi/bin/../lib/gcc -L/home/Soft/gcc-arm-none-eabi/bin/../lib/gcc/arm-none-eabi/8.2.1/../../../../arm-none-eabi/lib -L/home/Soft/gcc-arm-none-eabi/bin/../arm-none-eabi/lib -gc-sections --print-memory-usage CMakeFiles/cmTC_1bb86.dir/CMakeCXXCompilerABI.cpp.obj -lstdc++_nano -lm --start-group -lgcc -lg_nano -lc_nano --end-group --start-group -lgcc -lc_nano -lnosys --end-group --start-group -lgcc -lc_nano -lnosys --end-group /home/Soft/gcc-arm-none-eabi/bin/../lib/gcc/arm-none-eabi/8.2.1/thumb/v7e-m/nofp/crtend.o /home/Soft/gcc-arm-none-eabi/bin/../lib/gcc/arm-none-eabi/8.2.1/thumb/v7e-m/nofp/crtn.o -T /home/Work/ArmCpp/Core/LinkScript.ld]
    arg [/home/Soft/gcc-arm-none-eabi/bin/../lib/gcc/arm-none-eabi/8.2.1/collect2] ==> ignore
    arg [-plugin] ==> ignore
    arg [/home/Soft/gcc-arm-none-eabi/bin/../lib/gcc/arm-none-eabi/8.2.1/liblto_plugin.so] ==> ignore
    arg [-plugin-opt=/home/Soft/gcc-arm-none-eabi/bin/../lib/gcc/arm-none-eabi/8.2.1/lto-wrapper] ==> ignore
    arg [-plugin-opt=-fresolution=/tmp/ccOGeyai.res] ==> ignore
    arg [-plugin-opt=-pass-through=-lgcc] ==> ignore
    arg [-plugin-opt=-pass-through=-lg_nano] ==> ignore
    arg [-plugin-opt=-pass-through=-lc_nano] ==> ignore
    arg [-plugin-opt=-pass-through=-lgcc] ==> ignore
    arg [-plugin-opt=-pass-through=-lc_nano] ==> ignore
    arg [-plugin-opt=-pass-through=-lnosys] ==> ignore
    arg [-plugin-opt=-pass-through=-lgcc] ==> ignore
    arg [-plugin-opt=-pass-through=-lc_nano] ==> ignore
    arg [-plugin-opt=-pass-through=-lnosys] ==> ignore
    arg [--sysroot=/home/Soft/gcc-arm-none-eabi/bin/../arm-none-eabi] ==> ignore
    arg [-X] ==> ignore
    arg [-o] ==> ignore
    arg [cmTC_1bb86] ==> ignore
    arg [/home/Soft/gcc-arm-none-eabi/bin/../lib/gcc/arm-none-eabi/8.2.1/thumb/v7e-m/nofp/crti.o] ==> ignore
    arg [/home/Soft/gcc-arm-none-eabi/bin/../lib/gcc/arm-none-eabi/8.2.1/thumb/v7e-m/nofp/crtbegin.o] ==> ignore
    arg [/home/Soft/gcc-arm-none-eabi/bin/../lib/gcc/arm-none-eabi/8.2.1/../../../../arm-none-eabi/lib/thumb/v7e-m/nofp/crt0.o] ==> ignore
    arg [-L/home/Soft/gcc-arm-none-eabi/bin/../lib/gcc/arm-none-eabi/8.2.1/thumb/v7e-m/nofp] ==> dir [/home/Soft/gcc-arm-none-eabi/bin/../lib/gcc/arm-none-eabi/8.2.1/thumb/v7e-m/nofp]
    arg [-L/home/Soft/gcc-arm-none-eabi/bin/../lib/gcc/arm-none-eabi/8.2.1/../../../../arm-none-eabi/lib/thumb/v7e-m/nofp] ==> dir [/home/Soft/gcc-arm-none-eabi/bin/../lib/gcc/arm-none-eabi/8.2.1/../../../../arm-none-eabi/lib/thumb/v7e-m/nofp]
    arg [-L/home/Soft/gcc-arm-none-eabi/bin/../arm-none-eabi/lib/thumb/v7e-m/nofp] ==> dir [/home/Soft/gcc-arm-none-eabi/bin/../arm-none-eabi/lib/thumb/v7e-m/nofp]
    arg [-L/home/Soft/gcc-arm-none-eabi/bin/../lib/gcc/arm-none-eabi/8.2.1] ==> dir [/home/Soft/gcc-arm-none-eabi/bin/../lib/gcc/arm-none-eabi/8.2.1]
    arg [-L/home/Soft/gcc-arm-none-eabi/bin/../lib/gcc] ==> dir [/home/Soft/gcc-arm-none-eabi/bin/../lib/gcc]
    arg [-L/home/Soft/gcc-arm-none-eabi/bin/../lib/gcc/arm-none-eabi/8.2.1/../../../../arm-none-eabi/lib] ==> dir [/home/Soft/gcc-arm-none-eabi/bin/../lib/gcc/arm-none-eabi/8.2.1/../../../../arm-none-eabi/lib]
    arg [-L/home/Soft/gcc-arm-none-eabi/bin/../arm-none-eabi/lib] ==> dir [/home/Soft/gcc-arm-none-eabi/bin/../arm-none-eabi/lib]
    arg [-gc-sections] ==> ignore
    arg [--print-memory-usage] ==> ignore
    arg [CMakeFiles/cmTC_1bb86.dir/CMakeCXXCompilerABI.cpp.obj] ==> ignore
    arg [-lstdc++_nano] ==> lib [stdc++_nano]
    arg [-lm] ==> lib [m]
    arg [--start-group] ==> ignore
    arg [-lgcc] ==> lib [gcc]
    arg [-lg_nano] ==> lib [g_nano]
    arg [-lc_nano] ==> lib [c_nano]
    arg [--end-group] ==> ignore
    arg [--start-group] ==> ignore
    arg [-lgcc] ==> lib [gcc]
    arg [-lc_nano] ==> lib [c_nano]
    arg [-lnosys] ==> lib [nosys]
    arg [--end-group] ==> ignore
    arg [--start-group] ==> ignore
    arg [-lgcc] ==> lib [gcc]
    arg [-lc_nano] ==> lib [c_nano]
    arg [-lnosys] ==> lib [nosys]
    arg [--end-group] ==> ignore
    arg [/home/Soft/gcc-arm-none-eabi/bin/../lib/gcc/arm-none-eabi/8.2.1/thumb/v7e-m/nofp/crtend.o] ==> ignore
    arg [/home/Soft/gcc-arm-none-eabi/bin/../lib/gcc/arm-none-eabi/8.2.1/thumb/v7e-m/nofp/crtn.o] ==> ignore
    arg [-T] ==> ignore
    arg [/home/Work/ArmCpp/Core/LinkScript.ld] ==> ignore
  collapse library dir [/home/Soft/gcc-arm-none-eabi/bin/../lib/gcc/arm-none-eabi/8.2.1/thumb/v7e-m/nofp] ==> [/home/Soft/gcc-arm-none-eabi/lib/gcc/arm-none-eabi/8.2.1/thumb/v7e-m/nofp]
  collapse library dir [/home/Soft/gcc-arm-none-eabi/bin/../lib/gcc/arm-none-eabi/8.2.1/../../../../arm-none-eabi/lib/thumb/v7e-m/nofp] ==> [/home/Soft/gcc-arm-none-eabi/arm-none-eabi/lib/thumb/v7e-m/nofp]
  collapse library dir [/home/Soft/gcc-arm-none-eabi/bin/../arm-none-eabi/lib/thumb/v7e-m/nofp] ==> [/home/Soft/gcc-arm-none-eabi/arm-none-eabi/lib/thumb/v7e-m/nofp]
  collapse library dir [/home/Soft/gcc-arm-none-eabi/bin/../lib/gcc/arm-none-eabi/8.2.1] ==> [/home/Soft/gcc-arm-none-eabi/lib/gcc/arm-none-eabi/8.2.1]
  collapse library dir [/home/Soft/gcc-arm-none-eabi/bin/../lib/gcc] ==> [/home/Soft/gcc-arm-none-eabi/lib/gcc]
  collapse library dir [/home/Soft/gcc-arm-none-eabi/bin/../lib/gcc/arm-none-eabi/8.2.1/../../../../arm-none-eabi/lib] ==> [/home/Soft/gcc-arm-none-eabi/arm-none-eabi/lib]
  collapse library dir [/home/Soft/gcc-arm-none-eabi/bin/../arm-none-eabi/lib] ==> [/home/Soft/gcc-arm-none-eabi/arm-none-eabi/lib]
  implicit libs: [stdc++_nano;m;gcc;g_nano;c_nano;gcc;c_nano;nosys;gcc;c_nano;nosys]
  implicit dirs: [/home/Soft/gcc-arm-none-eabi/lib/gcc/arm-none-eabi/8.2.1/thumb/v7e-m/nofp;/home/Soft/gcc-arm-none-eabi/arm-none-eabi/lib/thumb/v7e-m/nofp;/home/Soft/gcc-arm-none-eabi/lib/gcc/arm-none-eabi/8.2.1;/home/Soft/gcc-arm-none-eabi/lib/gcc;/home/Soft/gcc-arm-none-eabi/arm-none-eabi/lib]
  implicit fwks: []




Detecting CXX [-std=c++2a] compiler features compiled with the following output:
Change Dir: /home/Work/ArmCpp/cmake-build-debug/CMakeFiles/CMakeTmp

Run Build Command:"/usr/bin/make" "cmTC_04ea9/fast"
/usr/bin/make -f CMakeFiles/cmTC_04ea9.dir/build.make CMakeFiles/cmTC_04ea9.dir/build
make[1]: Entering directory '/home/Work/ArmCpp/cmake-build-debug/CMakeFiles/CMakeTmp'
Building CXX object CMakeFiles/cmTC_04ea9.dir/feature_tests.cxx.obj
/home/Soft/gcc-arm-none-eabi/bin/arm-none-eabi-g++    -mcpu=cortex-m4 -mthumb -mthumb-interwork -mfloat-abi=soft -ffunction-sections -fdata-sections -g -fno-common -fmessage-length=0 -specs=nosys.specs -specs=nano.specs -fno-unwind-tables -fno-exceptions -std=c++11 -Wwrite-strings    -std=c++2a -o CMakeFiles/cmTC_04ea9.dir/feature_tests.cxx.obj -c /home/Work/ArmCpp/cmake-build-debug/CMakeFiles/feature_tests.cxx
Linking CXX executable cmTC_04ea9
/home/Soft/clion-2019.1/bin/cmake/linux/bin/cmake -E cmake_link_script CMakeFiles/cmTC_04ea9.dir/link.txt --verbose=1
/home/Soft/gcc-arm-none-eabi/bin/arm-none-eabi-g++  -mcpu=cortex-m4 -mthumb -mthumb-interwork -mfloat-abi=soft -ffunction-sections -fdata-sections -g -fno-common -fmessage-length=0 -specs=nosys.specs -specs=nano.specs -fno-unwind-tables -fno-exceptions -std=c++11 -Wwrite-strings   -mcpu=cortex-m4 -mthumb -mthumb-interwork -Wl,-gc-sections,--print-memory-usage -T /home/Work/ArmCpp/Core/LinkScript.ld  CMakeFiles/cmTC_04ea9.dir/feature_tests.cxx.obj  -o cmTC_04ea9 
Memory region         Used Size  Region Size  %age Used
             RAM:        3104 B       128 KB      2.37%
          CCMRAM:          0 GB        64 KB      0.00%
           FLASH:          96 B         1 MB      0.01/home/Soft/gcc-arm-none-eabi/bin/../lib/gcc/arm-none-eabi/8.2.1/../../../../arm-none-eabi/bin/ld: warning: cannot find entry symbol Reset_Handler; defaulting to 0000000008000000
%
make[1]: Leaving directory '/home/Work/ArmCpp/cmake-build-debug/CMakeFiles/CMakeTmp'




Detecting CXX [-std=c++17] compiler features compiled with the following output:
Change Dir: /home/Work/ArmCpp/cmake-build-debug/CMakeFiles/CMakeTmp

Run Build Command:"/usr/bin/make" "cmTC_81f48/fast"
/usr/bin/make -f CMakeFiles/cmTC_81f48.dir/build.make CMakeFiles/cmTC_81f48.dir/build
make[1]: Entering directory '/home/Work/ArmCpp/cmake-build-debug/CMakeFiles/CMakeTmp'
Building CXX object CMakeFiles/cmTC_81f48.dir/feature_tests.cxx.obj
/home/Soft/gcc-arm-none-eabi/bin/arm-none-eabi-g++    -mcpu=cortex-m4 -mthumb -mthumb-interwork -mfloat-abi=soft -ffunction-sections -fdata-sections -g -fno-common -fmessage-length=0 -specs=nosys.specs -specs=nano.specs -fno-unwind-tables -fno-exceptions -std=c++11 -Wwrite-strings    -std=c++17 -o CMakeFiles/cmTC_81f48.dir/feature_tests.cxx.obj -c /home/Work/ArmCpp/cmake-build-debug/CMakeFiles/feature_tests.cxx
Linking CXX executable cmTC_81f48
/home/Soft/clion-2019.1/bin/cmake/linux/bin/cmake -E cmake_link_script CMakeFiles/cmTC_81f48.dir/link.txt --verbose=1
/home/Soft/gcc-arm-none-eabi/bin/arm-none-eabi-g++  -mcpu=cortex-m4 -mthumb -mthumb-interwork -mfloat-abi=soft -ffunction-sections -fdata-sections -g -fno-common -fmessage-length=0 -specs=nosys.specs -specs=nano.specs -fno-unwind-tables -fno-exceptions -std=c++11 -Wwrite-strings   -mcpu=cortex-m4 -mthumb -mthumb-interwork -Wl,-gc-sections,--print-memory-usage -T /home/Work/ArmCpp/Core/LinkScript.ld  CMakeFiles/cmTC_81f48.dir/feature_tests.cxx.obj  -o cmTC_81f48 
Memory region         Used Size  Region Size  %age Used
             RAM:        3104 B       128 KB      2.37%
          CCMRAM:          0 GB        64 KB      0.00%
           FLASH:          96 B         1 MB      0.01/home/Soft/gcc-arm-none-eabi/bin/../lib/gcc/arm-none-eabi/8.2.1/../../../../arm-none-eabi/bin/ld: warning: cannot find entry symbol Reset_Handler; defaulting to 0000000008000000
%
make[1]: Leaving directory '/home/Work/ArmCpp/cmake-build-debug/CMakeFiles/CMakeTmp'




Detecting CXX [-std=c++14] compiler features compiled with the following output:
Change Dir: /home/Work/ArmCpp/cmake-build-debug/CMakeFiles/CMakeTmp

Run Build Command:"/usr/bin/make" "cmTC_6b562/fast"
/usr/bin/make -f CMakeFiles/cmTC_6b562.dir/build.make CMakeFiles/cmTC_6b562.dir/build
make[1]: Entering directory '/home/Work/ArmCpp/cmake-build-debug/CMakeFiles/CMakeTmp'
Building CXX object CMakeFiles/cmTC_6b562.dir/feature_tests.cxx.obj
/home/Soft/gcc-arm-none-eabi/bin/arm-none-eabi-g++    -mcpu=cortex-m4 -mthumb -mthumb-interwork -mfloat-abi=soft -ffunction-sections -fdata-sections -g -fno-common -fmessage-length=0 -specs=nosys.specs -specs=nano.specs -fno-unwind-tables -fno-exceptions -std=c++11 -Wwrite-strings    -std=c++14 -o CMakeFiles/cmTC_6b562.dir/feature_tests.cxx.obj -c /home/Work/ArmCpp/cmake-build-debug/CMakeFiles/feature_tests.cxx
Linking CXX executable cmTC_6b562
/home/Soft/clion-2019.1/bin/cmake/linux/bin/cmake -E cmake_link_script CMakeFiles/cmTC_6b562.dir/link.txt --verbose=1
/home/Soft/gcc-arm-none-eabi/bin/arm-none-eabi-g++  -mcpu=cortex-m4 -mthumb -mthumb-interwork -mfloat-abi=soft -ffunction-sections -fdata-sections -g -fno-common -fmessage-length=0 -specs=nosys.specs -specs=nano.specs -fno-unwind-tables -fno-exceptions -std=c++11 -Wwrite-strings   -mcpu=cortex-m4 -mthumb -mthumb-interwork -Wl,-gc-sections,--print-memory-usage -T /home/Work/ArmCpp/Core/LinkScript.ld  CMakeFiles/cmTC_6b562.dir/feature_tests.cxx.obj  -o cmTC_6b562 
Memory region         Used Size  Region Size  %age Used
             RAM:        3104 B       128 KB      2.37%
          CCMRAM:          0 GB        64 KB      0.00%
           FLASH:          96 B         1 MB      0.01/home/Soft/gcc-arm-none-eabi/bin/../lib/gcc/arm-none-eabi/8.2.1/../../../../arm-none-eabi/bin/ld: warning: cannot find entry symbol Reset_Handler; defaulting to 0000000008000000
%
make[1]: Leaving directory '/home/Work/ArmCpp/cmake-build-debug/CMakeFiles/CMakeTmp'




Detecting CXX [-std=c++11] compiler features compiled with the following output:
Change Dir: /home/Work/ArmCpp/cmake-build-debug/CMakeFiles/CMakeTmp

Run Build Command:"/usr/bin/make" "cmTC_78156/fast"
/usr/bin/make -f CMakeFiles/cmTC_78156.dir/build.make CMakeFiles/cmTC_78156.dir/build
make[1]: Entering directory '/home/Work/ArmCpp/cmake-build-debug/CMakeFiles/CMakeTmp'
Building CXX object CMakeFiles/cmTC_78156.dir/feature_tests.cxx.obj
/home/Soft/gcc-arm-none-eabi/bin/arm-none-eabi-g++    -mcpu=cortex-m4 -mthumb -mthumb-interwork -mfloat-abi=soft -ffunction-sections -fdata-sections -g -fno-common -fmessage-length=0 -specs=nosys.specs -specs=nano.specs -fno-unwind-tables -fno-exceptions -std=c++11 -Wwrite-strings    -std=c++11 -o CMakeFiles/cmTC_78156.dir/feature_tests.cxx.obj -c /home/Work/ArmCpp/cmake-build-debug/CMakeFiles/feature_tests.cxx
Linking CXX executable cmTC_78156
/home/Soft/clion-2019.1/bin/cmake/linux/bin/cmake -E cmake_link_script CMakeFiles/cmTC_78156.dir/link.txt --verbose=1
/home/Soft/gcc-arm-none-eabi/bin/arm-none-eabi-g++  -mcpu=cortex-m4 -mthumb -mthumb-interwork -mfloat-abi=soft -ffunction-sections -fdata-sections -g -fno-common -fmessage-length=0 -specs=nosys.specs -specs=nano.specs -fno-unwind-tables -fno-exceptions -std=c++11 -Wwrite-strings   -mcpu=cortex-m4 -mthumb -mthumb-interwork -Wl,-gc-sections,--print-memory-usage -T /home/Work/ArmCpp/Core/LinkScript.ld  CMakeFiles/cmTC_78156.dir/feature_tests.cxx.obj  -o cmTC_78156 
Memory region         Used Size  Region Size  %age Used
             RAM:        3104 B       128 KB      2.37%
          CCMRAM:          0 GB        64 KB      0.00%
           FLASH:          96 B         1 MB      0.01/home/Soft/gcc-arm-none-eabi/bin/../lib/gcc/arm-none-eabi/8.2.1/../../../../arm-none-eabi/bin/ld: warning: cannot find entry symbol Reset_Handler; defaulting to 0000000008000000
%
make[1]: Leaving directory '/home/Work/ArmCpp/cmake-build-debug/CMakeFiles/CMakeTmp'




Detecting CXX [-std=c++98] compiler features compiled with the following output:
Change Dir: /home/Work/ArmCpp/cmake-build-debug/CMakeFiles/CMakeTmp

Run Build Command:"/usr/bin/make" "cmTC_1525b/fast"
/usr/bin/make -f CMakeFiles/cmTC_1525b.dir/build.make CMakeFiles/cmTC_1525b.dir/build
make[1]: Entering directory '/home/Work/ArmCpp/cmake-build-debug/CMakeFiles/CMakeTmp'
Building CXX object CMakeFiles/cmTC_1525b.dir/feature_tests.cxx.obj
/home/Soft/gcc-arm-none-eabi/bin/arm-none-eabi-g++    -mcpu=cortex-m4 -mthumb -mthumb-interwork -mfloat-abi=soft -ffunction-sections -fdata-sections -g -fno-common -fmessage-length=0 -specs=nosys.specs -specs=nano.specs -fno-unwind-tables -fno-exceptions -std=c++11 -Wwrite-strings    -std=c++98 -o CMakeFiles/cmTC_1525b.dir/feature_tests.cxx.obj -c /home/Work/ArmCpp/cmake-build-debug/CMakeFiles/feature_tests.cxx
Linking CXX executable cmTC_1525b
/home/Soft/clion-2019.1/bin/cmake/linux/bin/cmake -E cmake_link_script CMakeFiles/cmTC_1525b.dir/link.txt --verbose=1
/home/Soft/gcc-arm-none-eabi/bin/arm-none-eabi-g++  -mcpu=cortex-m4 -mthumb -mthumb-interwork -mfloat-abi=soft -ffunction-sections -fdata-sections -g -fno-common -fmessage-length=0 -specs=nosys.specs -specs=nano.specs -fno-unwind-tables -fno-exceptions -std=c++11 -Wwrite-strings   -mcpu=cortex-m4 -mthumb -mthumb-interwork -Wl,-gc-sections,--print-memory-usage -T /home/Work/ArmCpp/Core/LinkScript.ld  CMakeFiles/cmTC_1525b.dir/feature_tests.cxx.obj  -o cmTC_1525b 
Memory region         Used Size  Region Size  %age Used
             RAM:        3104 B       128 KB      2.37%
          CCMRAM:          0 GB        64 KB      0.00%
           FLASH:          96 B         1 MB      0.01/home/Soft/gcc-arm-none-eabi/bin/../lib/gcc/arm-none-eabi/8.2.1/../../../../arm-none-eabi/bin/ld: warning: cannot find entry symbol Reset_Handler; defaulting to 0000000008000000
%
make[1]: Leaving directory '/home/Work/ArmCpp/cmake-build-debug/CMakeFiles/CMakeTmp'


Detecting C compiler ABI info compiled with the following output:
Change Dir: /home/Work/ArmCpp/cmake-build-debug/CMakeFiles/CMakeTmp

Run Build Command:"/usr/bin/make" "cmTC_7fcdb/fast"
/usr/bin/make -f CMakeFiles/cmTC_7fcdb.dir/build.make CMakeFiles/cmTC_7fcdb.dir/build
make[1]: Entering directory '/home/Work/ArmCpp/cmake-build-debug/CMakeFiles/CMakeTmp'
Building C object CMakeFiles/cmTC_7fcdb.dir/CMakeCCompilerABI.c.obj
/home/Soft/gcc-arm-none-eabi/bin/arm-none-eabi-gcc   -mcpu=cortex-m4 -mthumb -mthumb-interwork -mfloat-abi=soft -ffunction-sections -fdata-sections -g -fno-common -fmessage-length=0 -specs=nosys.specs -specs=nano.specs -std=gnu99    -o CMakeFiles/cmTC_7fcdb.dir/CMakeCCompilerABI.c.obj   -c /home/Soft/clion-2019.1/bin/cmake/linux/share/cmake-3.13/Modules/CMakeCCompilerABI.c
Linking C executable cmTC_7fcdb
/home/Soft/clion-2019.1/bin/cmake/linux/bin/cmake -E cmake_link_script CMakeFiles/cmTC_7fcdb.dir/link.txt --verbose=1
/home/Soft/gcc-arm-none-eabi/bin/arm-none-eabi-gcc -mcpu=cortex-m4 -mthumb -mthumb-interwork -mfloat-abi=soft -ffunction-sections -fdata-sections -g -fno-common -fmessage-length=0 -specs=nosys.specs -specs=nano.specs -std=gnu99   -mcpu=cortex-m4 -mthumb -mthumb-interwork -Wl,-gc-sections,--print-memory-usage -T /home/Work/ArmCpp/Core/LinkScript.ld -v CMakeFiles/cmTC_7fcdb.dir/CMakeCCompilerABI.c.obj  -o cmTC_7fcdb 
Using built-in specs.
Reading specs from /home/Soft/gcc-arm-none-eabi/bin/../lib/gcc/arm-none-eabi/8.2.1/../../../../arm-none-eabi/lib/nosys.specs
rename spec link_gcc_c_sequence to nosys_link_gcc_c_sequence
Reading specs from /home/Soft/gcc-arm-none-eabi/bin/../lib/gcc/arm-none-eabi/8.2.1/../../../../arm-none-eabi/lib/nano.specs
rename spec link to nano_link
rename spec link_gcc_c_sequence to nano_link_gcc_c_sequence
rename spec cpp_unique_options to nano_cpp_unique_options
COLLECT_GCC=/home/Soft/gcc-arm-none-eabi/bin/arm-none-eabi-gcc
COLLECT_LTO_WRAPPER=/home/Soft/gcc-arm-none-eabi/bin/../lib/gcc/arm-none-eabi/8.2.1/lto-wrapper
Target: arm-none-eabi
Configured with: /tmp/jenkins/jenkins-GCC-8-build_toolchain_docker-519_20181216_1544945247/src/gcc/configure --target=arm-none-eabi --prefix=/tmp/jenkins/jenkins-GCC-8-build_toolchain_docker-519_20181216_1544945247/install-native --libexecdir=/tmp/jenkins/jenkins-GCC-8-build_toolchain_docker-519_20181216_1544945247/install-native/lib --infodir=/tmp/jenkins/jenkins-GCC-8-build_toolchain_docker-519_20181216_1544945247/install-native/share/doc/gcc-arm-none-eabi/info --mandir=/tmp/jenkins/jenkins-GCC-8-build_toolchain_docker-519_20181216_1544945247/install-native/share/doc/gcc-arm-none-eabi/man --htmldir=/tmp/jenkins/jenkins-GCC-8-build_toolchain_docker-519_20181216_1544945247/install-native/share/doc/gcc-arm-none-eabi/html --pdfdir=/tmp/jenkins/jenkins-GCC-8-build_toolchain_docker-519_20181216_1544945247/install-native/share/doc/gcc-arm-none-eabi/pdf --enable-languages=c,c++ --enable-plugins --disable-decimal-float --disable-libffi --disable-libgomp --disable-libmudflap --disable-libquadmath --disable-libssp --disable-libstdcxx-pch --disable-nls --disable-shared --disable-threads --disable-tls --with-gnu-as --with-gnu-ld --with-newlib --with-headers=yes --with-python-dir=share/gcc-arm-none-eabi --with-sysroot=/tmp/jenkins/jenkins-GCC-8-build_toolchain_docker-519_20181216_1544945247/install-native/arm-none-eabi --build=x86_64-linux-gnu --host=x86_64-linux-gnu --with-gmp=/tmp/jenkins/jenkins-GCC-8-build_toolchain_docker-519_20181216_1544945247/build-native/host-libs/usr --with-mpfr=/tmp/jenkins/jenkins-GCC-8-build_toolchain_docker-519_20181216_1544945247/build-native/host-libs/usr --with-mpc=/tmp/jenkins/jenkins-GCC-8-build_toolchain_docker-519_20181216_1544945247/build-native/host-libs/usr --with-isl=/tmp/jenkins/jenkins-GCC-8-build_toolchain_docker-519_20181216_1544945247/build-native/host-libs/usr --with-libelf=/tmp/jenkins/jenkins-GCC-8-build_toolchain_docker-519_20181216_1544945247/build-native/host-libs/usr --with-host-libstdcxx='-static-libgcc -Wl,-Bstatic,-lstdc++,-Bdynamic -lm' --with-pkgversion='GNU Tools for Arm Embedded Processors 8-2018-q4-major' --with-multilib-list=rmprofile
Thread model: single
gcc version 8.2.1 20181213 (release) [gcc-8-branch revision 267074] (GNU Tools for Arm Embedded Processors 8-2018-q4-major) 
COMPILER_PATH=/home/Soft/gcc-arm-none-eabi/bin/../lib/gcc/arm-none-eabi/8.2.1/:/home/Soft/gcc-arm-none-eabi/bin/../lib/gcc/:/home/Soft/gcc-arm-none-eabi/bin/../lib/gcc/arm-none-eabi/8.2.1/../../../../arm-none-eabi/bin/
LIBRARY_PATH=/home/Soft/gcc-arm-none-eabi/bin/../lib/gcc/arm-none-eabi/8.2.1/thumb/v7e-m/nofp/:/home/Soft/gcc-arm-none-eabi/bin/../lib/gcc/arm-none-eabi/8.2.1/../../../../arm-none-eabi/lib/thumb/v7e-m/nofp/:/home/Soft/gcc-arm-none-eabi/bin/../arm-none-eabi/lib/thumb/v7e-m/nofp/:/home/Soft/gcc-arm-none-eabi/bin/../lib/gcc/arm-none-eabi/8.2.1/:/home/Soft/gcc-arm-none-eabi/bin/../lib/gcc/:/home/Soft/gcc-arm-none-eabi/bin/../lib/gcc/arm-none-eabi/8.2.1/../../../../arm-none-eabi/lib/:/home/Soft/gcc-arm-none-eabi/bin/../arm-none-eabi/lib/
COLLECT_GCC_OPTIONS='-mcpu=cortex-m4' '-mfloat-abi=soft' '-ffunction-sections' '-fdata-sections' '-g' '-fno-common' '-fmessage-length=0' '-specs=nosys.specs' '-specs=nano.specs' '-std=gnu99' '-mcpu=cortex-m4' '-mthumb' '-mthumb-interwork' '-T' '/home/Work/ArmCpp/Core/LinkScript.ld' '-v' '-o' 'cmTC_7fcdb' '-march=armv7e-m'
 /home/Soft/gcc-arm-none-eabi/bin/../lib/gcc/arm-none-eabi/8.2.1/collect2 -plugin /home/Soft/gcc-arm-none-eabi/bin/../lib/gcc/arm-none-eabi/8.2.1/liblto_plugin.so -plugin-opt=/home/Soft/gcc-arm-none-eabi/bin/../lib/gcc/arm-none-eabi/8.2.1/lto-wrapper -plugin-opt=-fresolution=/tmp/ccOPYPRX.res -plugin-opt=-pass-through=-lgcc -plugin-opt=-pass-through=-lg_nano -plugin-opt=-pass-through=-lc_nano -plugin-opt=-pass-through=-lgcc -plugin-opt=-pass-through=-lc_nano -plugin-opt=-pass-through=-lnosys -plugin-opt=-pass-through=-lgcc -plugin-opt=-pass-through=-lc_nano -plugin-opt=-pass-through=-lnosys --sysroot=/home/Soft/gcc-arm-none-eabi/bin/../arm-none-eabi -X -o cmTC_7fcdb /home/Soft/gcc-arm-none-eabi/bin/../lib/gcc/arm-none-eabi/8.2.1/thumb/v7e-m/nofp/crti.o /home/Soft/gcc-arm-none-eabi/bin/../lib/gcc/arm-none-eabi/8.2.1/thumb/v7e-m/nofp/crtbegin.o /home/Soft/gcc-arm-none-eabi/bin/../lib/gcc/arm-none-eabi/8.2.1/../../../../arm-none-eabi/lib/thumb/v7e-m/nofp/crt0.o -L/home/Soft/gcc-arm-none-eabi/bin/../lib/gcc/arm-none-eabi/8.2.1/thumb/v7e-m/nofp -L/home/Soft/gcc-arm-none-eabi/bin/../lib/gcc/arm-none-eabi/8.2.1/../../../../arm-none-eabi/lib/thumb/v7e-m/nofp -L/home/Soft/gcc-arm-none-eabi/bin/../arm-none-eabi/lib/thumb/v7e-m/nofp -L/home/Soft/gcc-arm-none-eabi/bin/../lib/gcc/arm-none-eabi/8.2.1 -L/home/Soft/gcc-arm-none-eabi/bin/../lib/gcc -L/home/Soft/gcc-arm-none-eabi/bin/../lib/gcc/arm-none-eabi/8.2.1/../../../../arm-none-eabi/lib -L/home/Soft/gcc-arm-none-eabi/bin/../arm-none-eabi/lib -gc-sections --print-memory-usage CMakeFiles/cmTC_7fcdb.dir/CMakeCCompilerABI.c.obj --start-group -lgcc -lg_nano -lc_nano --end-group --start-group -lgcc -lc_nano -lnosys --end-group --start-group -lgcc -lc_nano -lnosys --end-group /home/Soft/gcc-arm-none-eabi/bin/../lib/gcc/arm-none-eabi/8.2.1/thumb/v7e-m/nofp/crtend.o /home/Soft/gcc-arm-none-eabi/bin/../lib/gcc/arm-none-eabi/8.2.1/thumb/v7e-m/nofp/crtn.o -T /home/Work/ArmCpp/Core/LinkScript.ld
Memory region         Used Size  Region Size  %age Used
             RAM:        3104 B       128 KB      2.37%
          CCMRAM:          0 GB        64 KB      0.00%
           FLASH:          96 B         1 MB      0.01/home/Soft/gcc-arm-none-eabi/bin/../lib/gcc/arm-none-eabi/8.2.1/../../../../arm-none-eabi/bin/ld: warning: cannot find entry symbol Reset_Handler; defaulting to 0000000008000000
%
COLLECT_GCC_OPTIONS='-mcpu=cortex-m4' '-mfloat-abi=soft' '-ffunction-sections' '-fdata-sections' '-g' '-fno-common' '-fmessage-length=0' '-specs=nosys.specs' '-specs=nano.specs' '-std=gnu99' '-mcpu=cortex-m4' '-mthumb' '-mthumb-interwork' '-T' '/home/Work/ArmCpp/Core/LinkScript.ld' '-v' '-o' 'cmTC_7fcdb' '-march=armv7e-m'
make[1]: Leaving directory '/home/Work/ArmCpp/cmake-build-debug/CMakeFiles/CMakeTmp'


Parsed C implicit link information from above output:
  link line regex: [^( *|.*[/\])(arm-none-eabi-ld|CMAKE_LINK_STARTFILE-NOTFOUND|([^/\]+-)?ld|collect2)[^/\]*( |$)]
  ignore line: [Change Dir: /home/Work/ArmCpp/cmake-build-debug/CMakeFiles/CMakeTmp]
  ignore line: []
  ignore line: [Run Build Command:"/usr/bin/make" "cmTC_7fcdb/fast"]
  ignore line: [/usr/bin/make -f CMakeFiles/cmTC_7fcdb.dir/build.make CMakeFiles/cmTC_7fcdb.dir/build]
  ignore line: [make[1]: Entering directory '/home/Work/ArmCpp/cmake-build-debug/CMakeFiles/CMakeTmp']
  ignore line: [Building C object CMakeFiles/cmTC_7fcdb.dir/CMakeCCompilerABI.c.obj]
  ignore line: [/home/Soft/gcc-arm-none-eabi/bin/arm-none-eabi-gcc   -mcpu=cortex-m4 -mthumb -mthumb-interwork -mfloat-abi=soft -ffunction-sections -fdata-sections -g -fno-common -fmessage-length=0 -specs=nosys.specs -specs=nano.specs -std=gnu99    -o CMakeFiles/cmTC_7fcdb.dir/CMakeCCompilerABI.c.obj   -c /home/Soft/clion-2019.1/bin/cmake/linux/share/cmake-3.13/Modules/CMakeCCompilerABI.c]
  ignore line: [Linking C executable cmTC_7fcdb]
  ignore line: [/home/Soft/clion-2019.1/bin/cmake/linux/bin/cmake -E cmake_link_script CMakeFiles/cmTC_7fcdb.dir/link.txt --verbose=1]
  ignore line: [/home/Soft/gcc-arm-none-eabi/bin/arm-none-eabi-gcc -mcpu=cortex-m4 -mthumb -mthumb-interwork -mfloat-abi=soft -ffunction-sections -fdata-sections -g -fno-common -fmessage-length=0 -specs=nosys.specs -specs=nano.specs -std=gnu99   -mcpu=cortex-m4 -mthumb -mthumb-interwork -Wl,-gc-sections,--print-memory-usage -T /home/Work/ArmCpp/Core/LinkScript.ld -v CMakeFiles/cmTC_7fcdb.dir/CMakeCCompilerABI.c.obj  -o cmTC_7fcdb ]
  ignore line: [Using built-in specs.]
  ignore line: [Reading specs from /home/Soft/gcc-arm-none-eabi/bin/../lib/gcc/arm-none-eabi/8.2.1/../../../../arm-none-eabi/lib/nosys.specs]
  ignore line: [rename spec link_gcc_c_sequence to nosys_link_gcc_c_sequence]
  ignore line: [Reading specs from /home/Soft/gcc-arm-none-eabi/bin/../lib/gcc/arm-none-eabi/8.2.1/../../../../arm-none-eabi/lib/nano.specs]
  ignore line: [rename spec link to nano_link]
  ignore line: [rename spec link_gcc_c_sequence to nano_link_gcc_c_sequence]
  ignore line: [rename spec cpp_unique_options to nano_cpp_unique_options]
  ignore line: [COLLECT_GCC=/home/Soft/gcc-arm-none-eabi/bin/arm-none-eabi-gcc]
  ignore line: [COLLECT_LTO_WRAPPER=/home/Soft/gcc-arm-none-eabi/bin/../lib/gcc/arm-none-eabi/8.2.1/lto-wrapper]
  ignore line: [Target: arm-none-eabi]
  ignore line: [Configured with: /tmp/jenkins/jenkins-GCC-8-build_toolchain_docker-519_20181216_1544945247/src/gcc/configure --target=arm-none-eabi --prefix=/tmp/jenkins/jenkins-GCC-8-build_toolchain_docker-519_20181216_1544945247/install-native --libexecdir=/tmp/jenkins/jenkins-GCC-8-build_toolchain_docker-519_20181216_1544945247/install-native/lib --infodir=/tmp/jenkins/jenkins-GCC-8-build_toolchain_docker-519_20181216_1544945247/install-native/share/doc/gcc-arm-none-eabi/info --mandir=/tmp/jenkins/jenkins-GCC-8-build_toolchain_docker-519_20181216_1544945247/install-native/share/doc/gcc-arm-none-eabi/man --htmldir=/tmp/jenkins/jenkins-GCC-8-build_toolchain_docker-519_20181216_1544945247/install-native/share/doc/gcc-arm-none-eabi/html --pdfdir=/tmp/jenkins/jenkins-GCC-8-build_toolchain_docker-519_20181216_1544945247/install-native/share/doc/gcc-arm-none-eabi/pdf --enable-languages=c,c++ --enable-plugins --disable-decimal-float --disable-libffi --disable-libgomp --disable-libmudflap --disable-libquadmath --disable-libssp --disable-libstdcxx-pch --disable-nls --disable-shared --disable-threads --disable-tls --with-gnu-as --with-gnu-ld --with-newlib --with-headers=yes --with-python-dir=share/gcc-arm-none-eabi --with-sysroot=/tmp/jenkins/jenkins-GCC-8-build_toolchain_docker-519_20181216_1544945247/install-native/arm-none-eabi --build=x86_64-linux-gnu --host=x86_64-linux-gnu --with-gmp=/tmp/jenkins/jenkins-GCC-8-build_toolchain_docker-519_20181216_1544945247/build-native/host-libs/usr --with-mpfr=/tmp/jenkins/jenkins-GCC-8-build_toolchain_docker-519_20181216_1544945247/build-native/host-libs/usr --with-mpc=/tmp/jenkins/jenkins-GCC-8-build_toolchain_docker-519_20181216_1544945247/build-native/host-libs/usr --with-isl=/tmp/jenkins/jenkins-GCC-8-build_toolchain_docker-519_20181216_1544945247/build-native/host-libs/usr --with-libelf=/tmp/jenkins/jenkins-GCC-8-build_toolchain_docker-519_20181216_1544945247/build-native/host-libs/usr --with-host-libstdcxx='-static-libgcc -Wl,-Bstatic,-lstdc++,-Bdynamic -lm' --with-pkgversion='GNU Tools for Arm Embedded Processors 8-2018-q4-major' --with-multilib-list=rmprofile]
  ignore line: [Thread model: single]
  ignore line: [gcc version 8.2.1 20181213 (release) [gcc-8-branch revision 267074] (GNU Tools for Arm Embedded Processors 8-2018-q4-major) ]
  ignore line: [COMPILER_PATH=/home/Soft/gcc-arm-none-eabi/bin/../lib/gcc/arm-none-eabi/8.2.1/:/home/Soft/gcc-arm-none-eabi/bin/../lib/gcc/:/home/Soft/gcc-arm-none-eabi/bin/../lib/gcc/arm-none-eabi/8.2.1/../../../../arm-none-eabi/bin/]
  ignore line: [LIBRARY_PATH=/home/Soft/gcc-arm-none-eabi/bin/../lib/gcc/arm-none-eabi/8.2.1/thumb/v7e-m/nofp/:/home/Soft/gcc-arm-none-eabi/bin/../lib/gcc/arm-none-eabi/8.2.1/../../../../arm-none-eabi/lib/thumb/v7e-m/nofp/:/home/Soft/gcc-arm-none-eabi/bin/../arm-none-eabi/lib/thumb/v7e-m/nofp/:/home/Soft/gcc-arm-none-eabi/bin/../lib/gcc/arm-none-eabi/8.2.1/:/home/Soft/gcc-arm-none-eabi/bin/../lib/gcc/:/home/Soft/gcc-arm-none-eabi/bin/../lib/gcc/arm-none-eabi/8.2.1/../../../../arm-none-eabi/lib/:/home/Soft/gcc-arm-none-eabi/bin/../arm-none-eabi/lib/]
  ignore line: [COLLECT_GCC_OPTIONS='-mcpu=cortex-m4' '-mfloat-abi=soft' '-ffunction-sections' '-fdata-sections' '-g' '-fno-common' '-fmessage-length=0' '-specs=nosys.specs' '-specs=nano.specs' '-std=gnu99' '-mcpu=cortex-m4' '-mthumb' '-mthumb-interwork' '-T' '/home/Work/ArmCpp/Core/LinkScript.ld' '-v' '-o' 'cmTC_7fcdb' '-march=armv7e-m']
  link line: [ /home/Soft/gcc-arm-none-eabi/bin/../lib/gcc/arm-none-eabi/8.2.1/collect2 -plugin /home/Soft/gcc-arm-none-eabi/bin/../lib/gcc/arm-none-eabi/8.2.1/liblto_plugin.so -plugin-opt=/home/Soft/gcc-arm-none-eabi/bin/../lib/gcc/arm-none-eabi/8.2.1/lto-wrapper -plugin-opt=-fresolution=/tmp/ccOPYPRX.res -plugin-opt=-pass-through=-lgcc -plugin-opt=-pass-through=-lg_nano -plugin-opt=-pass-through=-lc_nano -plugin-opt=-pass-through=-lgcc -plugin-opt=-pass-through=-lc_nano -plugin-opt=-pass-through=-lnosys -plugin-opt=-pass-through=-lgcc -plugin-opt=-pass-through=-lc_nano -plugin-opt=-pass-through=-lnosys --sysroot=/home/Soft/gcc-arm-none-eabi/bin/../arm-none-eabi -X -o cmTC_7fcdb /home/Soft/gcc-arm-none-eabi/bin/../lib/gcc/arm-none-eabi/8.2.1/thumb/v7e-m/nofp/crti.o /home/Soft/gcc-arm-none-eabi/bin/../lib/gcc/arm-none-eabi/8.2.1/thumb/v7e-m/nofp/crtbegin.o /home/Soft/gcc-arm-none-eabi/bin/../lib/gcc/arm-none-eabi/8.2.1/../../../../arm-none-eabi/lib/thumb/v7e-m/nofp/crt0.o -L/home/Soft/gcc-arm-none-eabi/bin/../lib/gcc/arm-none-eabi/8.2.1/thumb/v7e-m/nofp -L/home/Soft/gcc-arm-none-eabi/bin/../lib/gcc/arm-none-eabi/8.2.1/../../../../arm-none-eabi/lib/thumb/v7e-m/nofp -L/home/Soft/gcc-arm-none-eabi/bin/../arm-none-eabi/lib/thumb/v7e-m/nofp -L/home/Soft/gcc-arm-none-eabi/bin/../lib/gcc/arm-none-eabi/8.2.1 -L/home/Soft/gcc-arm-none-eabi/bin/../lib/gcc -L/home/Soft/gcc-arm-none-eabi/bin/../lib/gcc/arm-none-eabi/8.2.1/../../../../arm-none-eabi/lib -L/home/Soft/gcc-arm-none-eabi/bin/../arm-none-eabi/lib -gc-sections --print-memory-usage CMakeFiles/cmTC_7fcdb.dir/CMakeCCompilerABI.c.obj --start-group -lgcc -lg_nano -lc_nano --end-group --start-group -lgcc -lc_nano -lnosys --end-group --start-group -lgcc -lc_nano -lnosys --end-group /home/Soft/gcc-arm-none-eabi/bin/../lib/gcc/arm-none-eabi/8.2.1/thumb/v7e-m/nofp/crtend.o /home/Soft/gcc-arm-none-eabi/bin/../lib/gcc/arm-none-eabi/8.2.1/thumb/v7e-m/nofp/crtn.o -T /home/Work/ArmCpp/Core/LinkScript.ld]
    arg [/home/Soft/gcc-arm-none-eabi/bin/../lib/gcc/arm-none-eabi/8.2.1/collect2] ==> ignore
    arg [-plugin] ==> ignore
    arg [/home/Soft/gcc-arm-none-eabi/bin/../lib/gcc/arm-none-eabi/8.2.1/liblto_plugin.so] ==> ignore
    arg [-plugin-opt=/home/Soft/gcc-arm-none-eabi/bin/../lib/gcc/arm-none-eabi/8.2.1/lto-wrapper] ==> ignore
    arg [-plugin-opt=-fresolution=/tmp/ccOPYPRX.res] ==> ignore
    arg [-plugin-opt=-pass-through=-lgcc] ==> ignore
    arg [-plugin-opt=-pass-through=-lg_nano] ==> ignore
    arg [-plugin-opt=-pass-through=-lc_nano] ==> ignore
    arg [-plugin-opt=-pass-through=-lgcc] ==> ignore
    arg [-plugin-opt=-pass-through=-lc_nano] ==> ignore
    arg [-plugin-opt=-pass-through=-lnosys] ==> ignore
    arg [-plugin-opt=-pass-through=-lgcc] ==> ignore
    arg [-plugin-opt=-pass-through=-lc_nano] ==> ignore
    arg [-plugin-opt=-pass-through=-lnosys] ==> ignore
    arg [--sysroot=/home/Soft/gcc-arm-none-eabi/bin/../arm-none-eabi] ==> ignore
    arg [-X] ==> ignore
    arg [-o] ==> ignore
    arg [cmTC_7fcdb] ==> ignore
    arg [/home/Soft/gcc-arm-none-eabi/bin/../lib/gcc/arm-none-eabi/8.2.1/thumb/v7e-m/nofp/crti.o] ==> ignore
    arg [/home/Soft/gcc-arm-none-eabi/bin/../lib/gcc/arm-none-eabi/8.2.1/thumb/v7e-m/nofp/crtbegin.o] ==> ignore
    arg [/home/Soft/gcc-arm-none-eabi/bin/../lib/gcc/arm-none-eabi/8.2.1/../../../../arm-none-eabi/lib/thumb/v7e-m/nofp/crt0.o] ==> ignore
    arg [-L/home/Soft/gcc-arm-none-eabi/bin/../lib/gcc/arm-none-eabi/8.2.1/thumb/v7e-m/nofp] ==> dir [/home/Soft/gcc-arm-none-eabi/bin/../lib/gcc/arm-none-eabi/8.2.1/thumb/v7e-m/nofp]
    arg [-L/home/Soft/gcc-arm-none-eabi/bin/../lib/gcc/arm-none-eabi/8.2.1/../../../../arm-none-eabi/lib/thumb/v7e-m/nofp] ==> dir [/home/Soft/gcc-arm-none-eabi/bin/../lib/gcc/arm-none-eabi/8.2.1/../../../../arm-none-eabi/lib/thumb/v7e-m/nofp]
    arg [-L/home/Soft/gcc-arm-none-eabi/bin/../arm-none-eabi/lib/thumb/v7e-m/nofp] ==> dir [/home/Soft/gcc-arm-none-eabi/bin/../arm-none-eabi/lib/thumb/v7e-m/nofp]
    arg [-L/home/Soft/gcc-arm-none-eabi/bin/../lib/gcc/arm-none-eabi/8.2.1] ==> dir [/home/Soft/gcc-arm-none-eabi/bin/../lib/gcc/arm-none-eabi/8.2.1]
    arg [-L/home/Soft/gcc-arm-none-eabi/bin/../lib/gcc] ==> dir [/home/Soft/gcc-arm-none-eabi/bin/../lib/gcc]
    arg [-L/home/Soft/gcc-arm-none-eabi/bin/../lib/gcc/arm-none-eabi/8.2.1/../../../../arm-none-eabi/lib] ==> dir [/home/Soft/gcc-arm-none-eabi/bin/../lib/gcc/arm-none-eabi/8.2.1/../../../../arm-none-eabi/lib]
    arg [-L/home/Soft/gcc-arm-none-eabi/bin/../arm-none-eabi/lib] ==> dir [/home/Soft/gcc-arm-none-eabi/bin/../arm-none-eabi/lib]
    arg [-gc-sections] ==> ignore
    arg [--print-memory-usage] ==> ignore
    arg [CMakeFiles/cmTC_7fcdb.dir/CMakeCCompilerABI.c.obj] ==> ignore
    arg [--start-group] ==> ignore
    arg [-lgcc] ==> lib [gcc]
    arg [-lg_nano] ==> lib [g_nano]
    arg [-lc_nano] ==> lib [c_nano]
    arg [--end-group] ==> ignore
    arg [--start-group] ==> ignore
    arg [-lgcc] ==> lib [gcc]
    arg [-lc_nano] ==> lib [c_nano]
    arg [-lnosys] ==> lib [nosys]
    arg [--end-group] ==> ignore
    arg [--start-group] ==> ignore
    arg [-lgcc] ==> lib [gcc]
    arg [-lc_nano] ==> lib [c_nano]
    arg [-lnosys] ==> lib [nosys]
    arg [--end-group] ==> ignore
    arg [/home/Soft/gcc-arm-none-eabi/bin/../lib/gcc/arm-none-eabi/8.2.1/thumb/v7e-m/nofp/crtend.o] ==> ignore
    arg [/home/Soft/gcc-arm-none-eabi/bin/../lib/gcc/arm-none-eabi/8.2.1/thumb/v7e-m/nofp/crtn.o] ==> ignore
    arg [-T] ==> ignore
    arg [/home/Work/ArmCpp/Core/LinkScript.ld] ==> ignore
  collapse library dir [/home/Soft/gcc-arm-none-eabi/bin/../lib/gcc/arm-none-eabi/8.2.1/thumb/v7e-m/nofp] ==> [/home/Soft/gcc-arm-none-eabi/lib/gcc/arm-none-eabi/8.2.1/thumb/v7e-m/nofp]
  collapse library dir [/home/Soft/gcc-arm-none-eabi/bin/../lib/gcc/arm-none-eabi/8.2.1/../../../../arm-none-eabi/lib/thumb/v7e-m/nofp] ==> [/home/Soft/gcc-arm-none-eabi/arm-none-eabi/lib/thumb/v7e-m/nofp]
  collapse library dir [/home/Soft/gcc-arm-none-eabi/bin/../arm-none-eabi/lib/thumb/v7e-m/nofp] ==> [/home/Soft/gcc-arm-none-eabi/arm-none-eabi/lib/thumb/v7e-m/nofp]
  collapse library dir [/home/Soft/gcc-arm-none-eabi/bin/../lib/gcc/arm-none-eabi/8.2.1] ==> [/home/Soft/gcc-arm-none-eabi/lib/gcc/arm-none-eabi/8.2.1]
  collapse library dir [/home/Soft/gcc-arm-none-eabi/bin/../lib/gcc] ==> [/home/Soft/gcc-arm-none-eabi/lib/gcc]
  collapse library dir [/home/Soft/gcc-arm-none-eabi/bin/../lib/gcc/arm-none-eabi/8.2.1/../../../../arm-none-eabi/lib] ==> [/home/Soft/gcc-arm-none-eabi/arm-none-eabi/lib]
  collapse library dir [/home/Soft/gcc-arm-none-eabi/bin/../arm-none-eabi/lib] ==> [/home/Soft/gcc-arm-none-eabi/arm-none-eabi/lib]
  implicit libs: [gcc;g_nano;c_nano;gcc;c_nano;nosys;gcc;c_nano;nosys]
  implicit dirs: [/home/Soft/gcc-arm-none-eabi/lib/gcc/arm-none-eabi/8.2.1/thumb/v7e-m/nofp;/home/Soft/gcc-arm-none-eabi/arm-none-eabi/lib/thumb/v7e-m/nofp;/home/Soft/gcc-arm-none-eabi/lib/gcc/arm-none-eabi/8.2.1;/home/Soft/gcc-arm-none-eabi/lib/gcc;/home/Soft/gcc-arm-none-eabi/arm-none-eabi/lib]
  implicit fwks: []




Detecting C [-std=c11] compiler features compiled with the following output:
Change Dir: /home/Work/ArmCpp/cmake-build-debug/CMakeFiles/CMakeTmp

Run Build Command:"/usr/bin/make" "cmTC_35473/fast"
/usr/bin/make -f CMakeFiles/cmTC_35473.dir/build.make CMakeFiles/cmTC_35473.dir/build
make[1]: Entering directory '/home/Work/ArmCpp/cmake-build-debug/CMakeFiles/CMakeTmp'
Building C object CMakeFiles/cmTC_35473.dir/feature_tests.c.obj
/home/Soft/gcc-arm-none-eabi/bin/arm-none-eabi-gcc   -mcpu=cortex-m4 -mthumb -mthumb-interwork -mfloat-abi=soft -ffunction-sections -fdata-sections -g -fno-common -fmessage-length=0 -specs=nosys.specs -specs=nano.specs -std=gnu99    -std=c11 -o CMakeFiles/cmTC_35473.dir/feature_tests.c.obj   -c /home/Work/ArmCpp/cmake-build-debug/CMakeFiles/feature_tests.c
Linking C executable cmTC_35473
/home/Soft/clion-2019.1/bin/cmake/linux/bin/cmake -E cmake_link_script CMakeFiles/cmTC_35473.dir/link.txt --verbose=1
/home/Soft/gcc-arm-none-eabi/bin/arm-none-eabi-gcc -mcpu=cortex-m4 -mthumb -mthumb-interwork -mfloat-abi=soft -ffunction-sections -fdata-sections -g -fno-common -fmessage-length=0 -specs=nosys.specs -specs=nano.specs -std=gnu99   -mcpu=cortex-m4 -mthumb -mthumb-interwork -Wl,-gc-sections,--print-memory-usage -T /home/Work/ArmCpp/Core/LinkScript.ld  CMakeFiles/cmTC_35473.dir/feature_tests.c.obj  -o cmTC_35473 
Memory region         Used Size  Region Size  %age Used
             RAM:        3104 B       128 KB      2.37%
          CCMRAM:          0 GB        64 KB      0.00%
           FLASH:          96 B         1 MB      0.01/home/Soft/gcc-arm-none-eabi/bin/../lib/gcc/arm-none-eabi/8.2.1/../../../../arm-none-eabi/bin/ld: warning: cannot find entry symbol Reset_Handler; defaulting to 0000000008000000
%
make[1]: Leaving directory '/home/Work/ArmCpp/cmake-build-debug/CMakeFiles/CMakeTmp'




Detecting C [-std=c99] compiler features compiled with the following output:
Change Dir: /home/Work/ArmCpp/cmake-build-debug/CMakeFiles/CMakeTmp

Run Build Command:"/usr/bin/make" "cmTC_d0376/fast"
/usr/bin/make -f CMakeFiles/cmTC_d0376.dir/build.make CMakeFiles/cmTC_d0376.dir/build
make[1]: Entering directory '/home/Work/ArmCpp/cmake-build-debug/CMakeFiles/CMakeTmp'
Building C object CMakeFiles/cmTC_d0376.dir/feature_tests.c.obj
/home/Soft/gcc-arm-none-eabi/bin/arm-none-eabi-gcc   -mcpu=cortex-m4 -mthumb -mthumb-interwork -mfloat-abi=soft -ffunction-sections -fdata-sections -g -fno-common -fmessage-length=0 -specs=nosys.specs -specs=nano.specs -std=gnu99    -std=c99 -o CMakeFiles/cmTC_d0376.dir/feature_tests.c.obj   -c /home/Work/ArmCpp/cmake-build-debug/CMakeFiles/feature_tests.c
Linking C executable cmTC_d0376
/home/Soft/clion-2019.1/bin/cmake/linux/bin/cmake -E cmake_link_script CMakeFiles/cmTC_d0376.dir/link.txt --verbose=1
/home/Soft/gcc-arm-none-eabi/bin/arm-none-eabi-gcc -mcpu=cortex-m4 -mthumb -mthumb-interwork -mfloat-abi=soft -ffunction-sections -fdata-sections -g -fno-common -fmessage-length=0 -specs=nosys.specs -specs=nano.specs -std=gnu99   -mcpu=cortex-m4 -mthumb -mthumb-interwork -Wl,-gc-sections,--print-memory-usage -T /home/Work/ArmCpp/Core/LinkScript.ld  CMakeFiles/cmTC_d0376.dir/feature_tests.c.obj  -o cmTC_d0376 
Memory region         Used Size  Region Size  %age Used
             RAM:        3104 B       128 KB      2.37%
          CCMRAM:          0 GB        64 KB      0.00%
           FLASH:          96 B         1 MB      0.01/home/Soft/gcc-arm-none-eabi/bin/../lib/gcc/arm-none-eabi/8.2.1/../../../../arm-none-eabi/bin/ld: warning: cannot find entry symbol Reset_Handler; defaulting to 0000000008000000
%
make[1]: Leaving directory '/home/Work/ArmCpp/cmake-build-debug/CMakeFiles/CMakeTmp'




Detecting C [-std=c90] compiler features compiled with the following output:
Change Dir: /home/Work/ArmCpp/cmake-build-debug/CMakeFiles/CMakeTmp

Run Build Command:"/usr/bin/make" "cmTC_2212a/fast"
/usr/bin/make -f CMakeFiles/cmTC_2212a.dir/build.make CMakeFiles/cmTC_2212a.dir/build
make[1]: Entering directory '/home/Work/ArmCpp/cmake-build-debug/CMakeFiles/CMakeTmp'
Building C object CMakeFiles/cmTC_2212a.dir/feature_tests.c.obj
/home/Soft/gcc-arm-none-eabi/bin/arm-none-eabi-gcc   -mcpu=cortex-m4 -mthumb -mthumb-interwork -mfloat-abi=soft -ffunction-sections -fdata-sections -g -fno-common -fmessage-length=0 -specs=nosys.specs -specs=nano.specs -std=gnu99    -std=c90 -o CMakeFiles/cmTC_2212a.dir/feature_tests.c.obj   -c /home/Work/ArmCpp/cmake-build-debug/CMakeFiles/feature_tests.c
Linking C executable cmTC_2212a
/home/Soft/clion-2019.1/bin/cmake/linux/bin/cmake -E cmake_link_script CMakeFiles/cmTC_2212a.dir/link.txt --verbose=1
/home/Soft/gcc-arm-none-eabi/bin/arm-none-eabi-gcc -mcpu=cortex-m4 -mthumb -mthumb-interwork -mfloat-abi=soft -ffunction-sections -fdata-sections -g -fno-common -fmessage-length=0 -specs=nosys.specs -specs=nano.specs -std=gnu99   -mcpu=cortex-m4 -mthumb -mthumb-interwork -Wl,-gc-sections,--print-memory-usage -T /home/Work/ArmCpp/Core/LinkScript.ld  CMakeFiles/cmTC_2212a.dir/feature_tests.c.obj  -o cmTC_2212a 
Memory region         Used Size  Region Size  %age Used
             RAM:        3104 B       128 KB      2.37%
          CCMRAM:          0 GB        64 KB      0.00%
           FLASH:          96 B         1 MB      0.01/home/Soft/gcc-arm-none-eabi/bin/../lib/gcc/arm-none-eabi/8.2.1/../../../../arm-none-eabi/bin/ld: warning: cannot find entry symbol Reset_Handler; defaulting to 0000000008000000
%
make[1]: Leaving directory '/home/Work/ArmCpp/cmake-build-debug/CMakeFiles/CMakeTmp'


